# JRE version: OpenJDK Runtime Environment (8.0_242-b01) (build 1.8.0_242-release-1644-b01)
# Java VM: OpenJDK 64-Bit Server VM (25.242-b01 mixed mode windows-amd64 compressed oops)
Heap:
 PSYoungGen      total 650752K, used 216690K [0x00000000d5580000, 0x00000000fff80000, 0x0000000100000000)
  eden space 606208K, 33% used [0x00000000d5580000,0x00000000e1c87e20,0x00000000fa580000)
  from space 44544K, 28% used [0x00000000fa580000,0x00000000fb214d38,0x00000000fd100000)
  to   space 43008K, 0% used [0x00000000fd580000,0x00000000fd580000,0x00000000fff80000)
 ParOldGen       total 221696K, used 169179K [0x0000000080000000, 0x000000008d880000, 0x00000000d5580000)
  object space 221696K, 76% used [0x0000000080000000,0x000000008a536c78,0x000000008d880000)
 Metaspace       used 80672K, capacity 84894K, committed 87704K, reserved 1124352K
  class space    used 10947K, capacity 11716K, committed 12712K, reserved 1048576K
GC Heap History (10 events):
Event: 12.124 GC heap before
{Heap before GC invocations=23 (full 4):
 PSYoungGen      total 453632K, used 423742K [0x00000000d5580000, 0x00000000f4180000, 0x0000000100000000)
  eden space 401920K, 100% used [0x00000000d5580000,0x00000000ede00000,0x00000000ede00000)
  from space 51712K, 42% used [0x00000000f0f00000,0x00000000f244fa30,0x00000000f4180000)
  to   space 50176K, 0% used [0x00000000ede00000,0x00000000ede00000,0x00000000f0f00000)
 ParOldGen       total 221696K, used 123148K [0x0000000080000000, 0x000000008d880000, 0x00000000d5580000)
  object space 221696K, 55% used [0x0000000080000000,0x0000000087843308,0x000000008d880000)
 Metaspace       used 79061K, capacity 82766K, committed 86296K, reserved 1122304K
  class space    used 10765K, capacity 11500K, committed 12584K, reserved 1048576K
Event: 12.255 GC heap after
Heap after GC invocations=23 (full 4):
 PSYoungGen      total 452096K, used 27509K [0x00000000d5580000, 0x00000000f9c80000, 0x0000000100000000)
  eden space 401920K, 0% used [0x00000000d5580000,0x00000000d5580000,0x00000000ede00000)
  from space 50176K, 54% used [0x00000000ede00000,0x00000000ef8dd568,0x00000000f0f00000)
  to   space 50176K, 0% used [0x00000000f6b80000,0x00000000f6b80000,0x00000000f9c80000)
 ParOldGen       total 221696K, used 123148K [0x0000000080000000, 0x000000008d880000, 0x00000000d5580000)
  object space 221696K, 55% used [0x0000000080000000,0x0000000087843308,0x000000008d880000)
 Metaspace       used 79061K, capacity 82766K, committed 86296K, reserved 1122304K
  class space    used 10765K, capacity 11500K, committed 12584K, reserved 1048576K
}
Event: 13.680 GC heap before
{Heap before GC invocations=24 (full 4):
 PSYoungGen      total 452096K, used 429429K [0x00000000d5580000, 0x00000000f9c80000, 0x0000000100000000)
  eden space 401920K, 100% used [0x00000000d5580000,0x00000000ede00000,0x00000000ede00000)
  from space 50176K, 54% used [0x00000000ede00000,0x00000000ef8dd568,0x00000000f0f00000)
  to   space 50176K, 0% used [0x00000000f6b80000,0x00000000f6b80000,0x00000000f9c80000)
 ParOldGen       total 221696K, used 123148K [0x0000000080000000, 0x000000008d880000, 0x00000000d5580000)
  object space 221696K, 55% used [0x0000000080000000,0x0000000087843308,0x000000008d880000)
 Metaspace       used 79087K, capacity 82894K, committed 86296K, reserved 1122304K
  class space    used 10765K, capacity 11500K, committed 12584K, reserved 1048576K
Event: 13.732 GC heap after
Heap after GC invocations=24 (full 4):
 PSYoungGen      total 528384K, used 20336K [0x00000000d5580000, 0x00000000f9080000, 0x0000000100000000)
  eden space 490496K, 0% used [0x00000000d5580000,0x00000000d5580000,0x00000000f3480000)
  from space 37888K, 53% used [0x00000000f6b80000,0x00000000f7f5c2b8,0x00000000f9080000)
  to   space 47104K, 0% used [0x00000000f3480000,0x00000000f3480000,0x00000000f6280000)
 ParOldGen       total 221696K, used 137363K [0x0000000080000000, 0x000000008d880000, 0x00000000d5580000)
  object space 221696K, 61% used [0x0000000080000000,0x0000000088624f90,0x000000008d880000)
 Metaspace       used 79087K, capacity 82894K, committed 86296K, reserved 1122304K
  class space    used 10765K, capacity 11500K, committed 12584K, reserved 1048576K
}
Event: 14.381 GC heap before
{Heap before GC invocations=25 (full 4):
 PSYoungGen      total 528384K, used 510832K [0x00000000d5580000, 0x00000000f9080000, 0x0000000100000000)
  eden space 490496K, 100% used [0x00000000d5580000,0x00000000f3480000,0x00000000f3480000)
  from space 37888K, 53% used [0x00000000f6b80000,0x00000000f7f5c2b8,0x00000000f9080000)
  to   space 47104K, 0% used [0x00000000f3480000,0x00000000f3480000,0x00000000f6280000)
 ParOldGen       total 221696K, used 137363K [0x0000000080000000, 0x000000008d880000, 0x00000000d5580000)
  object space 221696K, 61% used [0x0000000080000000,0x0000000088624f90,0x000000008d880000)
 Metaspace       used 79092K, capacity 82898K, committed 86296K, reserved 1122304K
  class space    used 10765K, capacity 11500K, committed 12584K, reserved 1048576K
Event: 14.765 GC heap after
Heap after GC invocations=25 (full 4):
 PSYoungGen      total 537600K, used 15490K [0x00000000d5580000, 0x0000000100000000, 0x0000000100000000)
  eden space 490496K, 0% used [0x00000000d5580000,0x00000000d5580000,0x00000000f3480000)
  from space 47104K, 32% used [0x00000000f3480000,0x00000000f43a0a70,0x00000000f6280000)
  to   space 45568K, 0% used [0x00000000fd380000,0x00000000fd380000,0x0000000100000000)
 ParOldGen       total 221696K, used 149383K [0x0000000080000000, 0x000000008d880000, 0x00000000d5580000)
  object space 221696K, 67% used [0x0000000080000000,0x00000000891e1e48,0x000000008d880000)
 Metaspace       used 79092K, capacity 82898K, committed 86296K, reserved 1122304K
  class space    used 10765K, capacity 11500K, committed 12584K, reserved 1048576K
}
Event: 15.892 GC heap before
{Heap before GC invocations=26 (full 4):
 PSYoungGen      total 537600K, used 505986K [0x00000000d5580000, 0x0000000100000000, 0x0000000100000000)
  eden space 490496K, 100% used [0x00000000d5580000,0x00000000f3480000,0x00000000f3480000)
  from space 47104K, 32% used [0x00000000f3480000,0x00000000f43a0a70,0x00000000f6280000)
  to   space 45568K, 0% used [0x00000000fd380000,0x00000000fd380000,0x0000000100000000)
 ParOldGen       total 221696K, used 149383K [0x0000000080000000, 0x000000008d880000, 0x00000000d5580000)
  object space 221696K, 67% used [0x0000000080000000,0x00000000891e1e48,0x000000008d880000)
 Metaspace       used 79680K, capacity 83572K, committed 86808K, reserved 1124352K
  class space    used 10854K, capacity 11599K, committed 12584K, reserved 1048576K
Event: 16.713 GC heap after
Heap after GC invocations=26 (full 4):
 PSYoungGen      total 648192K, used 9501K [0x00000000d5580000, 0x00000000ffc80000, 0x0000000100000000)
  eden space 606208K, 0% used [0x00000000d5580000,0x00000000d5580000,0x00000000fa580000)
  from space 41984K, 22% used [0x00000000fd380000,0x00000000fdcc76e0,0x00000000ffc80000)
  to   space 44544K, 0% used [0x00000000fa580000,0x00000000fa580000,0x00000000fd100000)
 ParOldGen       total 221696K, used 163724K [0x0000000080000000, 0x000000008d880000, 0x00000000d5580000)
  object space 221696K, 73% used [0x0000000080000000,0x0000000089fe3158,0x000000008d880000)
 Metaspace       used 79680K, capacity 83572K, committed 86808K, reserved 1124352K
  class space    used 10854K, capacity 11599K, committed 12584K, reserved 1048576K
}
Event: 20.615 GC heap before
{Heap before GC invocations=27 (full 4):
 PSYoungGen      total 648192K, used 615709K [0x00000000d5580000, 0x00000000ffc80000, 0x0000000100000000)
  eden space 606208K, 100% used [0x00000000d5580000,0x00000000fa580000,0x00000000fa580000)
  from space 41984K, 22% used [0x00000000fd380000,0x00000000fdcc76e0,0x00000000ffc80000)
  to   space 44544K, 0% used [0x00000000fa580000,0x00000000fa580000,0x00000000fd100000)
 ParOldGen       total 221696K, used 163724K [0x0000000080000000, 0x000000008d880000, 0x00000000d5580000)
  object space 221696K, 73% used [0x0000000080000000,0x0000000089fe3158,0x000000008d880000)
 Metaspace       used 80626K, capacity 84810K, committed 87704K, reserved 1124352K
  class space    used 10945K, capacity 11716K, committed 12712K, reserved 1048576K
Event: 20.822 GC heap after
Heap after GC invocations=27 (full 4):
 PSYoungGen      total 650752K, used 12883K [0x00000000d5580000, 0x00000000fff80000, 0x0000000100000000)
  eden space 606208K, 0% used [0x00000000d5580000,0x00000000d5580000,0x00000000fa580000)
  from space 44544K, 28% used [0x00000000fa580000,0x00000000fb214d38,0x00000000fd100000)
  to   space 43008K, 0% used [0x00000000fd580000,0x00000000fd580000,0x00000000fff80000)
 ParOldGen       total 221696K, used 169179K [0x0000000080000000, 0x000000008d880000, 0x00000000d5580000)
  object space 221696K, 76% used [0x0000000080000000,0x000000008a536c78,0x000000008d880000)
 Metaspace       used 80626K, capacity 84810K, committed 87704K, reserved 1124352K
  class space    used 10945K, capacity 11716K, committed 12712K, reserved 1048576K
}

