# JRE version: OpenJDK Runtime Environment (8.0_242-b01) (build 1.8.0_242-release-1644-b01)
# Java VM: OpenJDK 64-Bit Server VM (25.242-b01 mixed mode windows-amd64 compressed oops)
Heap:
 PSYoungGen      total 421888K, used 40563K [0x00000000d5580000, 0x00000000f7880000, 0x0000000100000000)
  eden space 389632K, 8% used [0x00000000d5580000,0x00000000d754c510,0x00000000ed200000)
  from space 32256K, 24% used [0x00000000f0380000,0x00000000f0b50950,0x00000000f2300000)
  to   space 50688K, 0% used [0x00000000ed200000,0x00000000ed200000,0x00000000f0380000)
 ParOldGen       total 214016K, used 139687K [0x0000000080000000, 0x000000008d100000, 0x00000000d5580000)
  object space 214016K, 65% used [0x0000000080000000,0x0000000088869c40,0x000000008d100000)
 Metaspace       used 84152K, capacity 88762K, committed 88984K, reserved 1126400K
  class space    used 11462K, capacity 12438K, committed 12464K, reserved 1048576K
GC Heap History (10 events):
Event: 14.987 GC heap before
{Heap before GC invocations=18 (full 3):
 PSYoungGen      total 315392K, used 311345K [0x00000000d5580000, 0x00000000ea800000, 0x0000000100000000)
  eden space 298496K, 100% used [0x00000000d5580000,0x00000000e7900000,0x00000000e7900000)
  from space 16896K, 76% used [0x00000000e9780000,0x00000000ea40c7d8,0x00000000ea800000)
  to   space 24064K, 0% used [0x00000000e7900000,0x00000000e7900000,0x00000000e9080000)
 ParOldGen       total 103936K, used 45241K [0x0000000080000000, 0x0000000086580000, 0x00000000d5580000)
  object space 103936K, 43% used [0x0000000080000000,0x0000000082c2e5c8,0x0000000086580000)
 Metaspace       used 77441K, capacity 81518K, committed 81688K, reserved 1120256K
  class space    used 10495K, capacity 11236K, committed 11312K, reserved 1048576K
Event: 15.130 GC heap after
Heap after GC invocations=18 (full 3):
 PSYoungGen      total 322560K, used 24061K [0x00000000d5580000, 0x00000000f2f00000, 0x0000000100000000)
  eden space 298496K, 0% used [0x00000000d5580000,0x00000000d5580000,0x00000000e7900000)
  from space 24064K, 99% used [0x00000000e7900000,0x00000000e907f690,0x00000000e9080000)
  to   space 44544K, 0% used [0x00000000f0380000,0x00000000f0380000,0x00000000f2f00000)
 ParOldGen       total 103936K, used 89991K [0x0000000080000000, 0x0000000086580000, 0x00000000d5580000)
  object space 103936K, 86% used [0x0000000080000000,0x00000000857e1fb8,0x0000000086580000)
 Metaspace       used 77441K, capacity 81518K, committed 81688K, reserved 1120256K
  class space    used 10495K, capacity 11236K, committed 11312K, reserved 1048576K
}
Event: 15.131 GC heap before
{Heap before GC invocations=19 (full 4):
 PSYoungGen      total 322560K, used 24061K [0x00000000d5580000, 0x00000000f2f00000, 0x0000000100000000)
  eden space 298496K, 0% used [0x00000000d5580000,0x00000000d5580000,0x00000000e7900000)
  from space 24064K, 99% used [0x00000000e7900000,0x00000000e907f690,0x00000000e9080000)
  to   space 44544K, 0% used [0x00000000f0380000,0x00000000f0380000,0x00000000f2f00000)
 ParOldGen       total 103936K, used 89991K [0x0000000080000000, 0x0000000086580000, 0x00000000d5580000)
  object space 103936K, 86% used [0x0000000080000000,0x00000000857e1fb8,0x0000000086580000)
 Metaspace       used 77441K, capacity 81518K, committed 81688K, reserved 1120256K
  class space    used 10495K, capacity 11236K, committed 11312K, reserved 1048576K
Event: 15.894 GC heap after
Heap after GC invocations=19 (full 4):
 PSYoungGen      total 322560K, used 1488K [0x00000000d5580000, 0x00000000f2f00000, 0x0000000100000000)
  eden space 298496K, 0% used [0x00000000d5580000,0x00000000d5580000,0x00000000e7900000)
  from space 24064K, 6% used [0x00000000e7900000,0x00000000e7a742d8,0x00000000e9080000)
  to   space 44544K, 0% used [0x00000000f0380000,0x00000000f0380000,0x00000000f2f00000)
 ParOldGen       total 214016K, used 103500K [0x0000000080000000, 0x000000008d100000, 0x00000000d5580000)
  object space 214016K, 48% used [0x0000000080000000,0x00000000865131a8,0x000000008d100000)
 Metaspace       used 77063K, capacity 80436K, committed 81688K, reserved 1120256K
  class space    used 10372K, capacity 11019K, committed 11312K, reserved 1048576K
}
Event: 17.568 GC heap before
{Heap before GC invocations=20 (full 4):
 PSYoungGen      total 322560K, used 299984K [0x00000000d5580000, 0x00000000f2f00000, 0x0000000100000000)
  eden space 298496K, 100% used [0x00000000d5580000,0x00000000e7900000,0x00000000e7900000)
  from space 24064K, 6% used [0x00000000e7900000,0x00000000e7a742d8,0x00000000e9080000)
  to   space 44544K, 0% used [0x00000000f0380000,0x00000000f0380000,0x00000000f2f00000)
 ParOldGen       total 214016K, used 103716K [0x0000000080000000, 0x000000008d100000, 0x00000000d5580000)
  object space 214016K, 48% used [0x0000000080000000,0x0000000086549220,0x000000008d100000)
 Metaspace       used 83310K, capacity 87868K, committed 87960K, reserved 1124352K
  class space    used 11454K, capacity 12429K, committed 12464K, reserved 1048576K
Event: 17.638 GC heap after
Heap after GC invocations=20 (full 4):
 PSYoungGen      total 409600K, used 32007K [0x00000000d5580000, 0x00000000f2300000, 0x0000000100000000)
  eden space 377344K, 0% used [0x00000000d5580000,0x00000000d5580000,0x00000000ec600000)
  from space 32256K, 99% used [0x00000000f0380000,0x00000000f22c1fc8,0x00000000f2300000)
  to   space 47616K, 0% used [0x00000000ec600000,0x00000000ec600000,0x00000000ef480000)
 ParOldGen       total 214016K, used 105309K [0x0000000080000000, 0x000000008d100000, 0x00000000d5580000)
  object space 214016K, 49% used [0x0000000080000000,0x00000000866d75a0,0x000000008d100000)
 Metaspace       used 83310K, capacity 87868K, committed 87960K, reserved 1124352K
  class space    used 11454K, capacity 12429K, committed 12464K, reserved 1048576K
}
Event: 18.837 GC heap before
{Heap before GC invocations=21 (full 4):
 PSYoungGen      total 409600K, used 409351K [0x00000000d5580000, 0x00000000f2300000, 0x0000000100000000)
  eden space 377344K, 100% used [0x00000000d5580000,0x00000000ec600000,0x00000000ec600000)
  from space 32256K, 99% used [0x00000000f0380000,0x00000000f22c1fc8,0x00000000f2300000)
  to   space 47616K, 0% used [0x00000000ec600000,0x00000000ec600000,0x00000000ef480000)
 ParOldGen       total 214016K, used 105311K [0x0000000080000000, 0x000000008d100000, 0x00000000d5580000)
  object space 214016K, 49% used [0x0000000080000000,0x00000000866d7f70,0x000000008d100000)
 Metaspace       used 83802K, capacity 88356K, committed 88472K, reserved 1126400K
  class space    used 11457K, capacity 12429K, committed 12464K, reserved 1048576K
Event: 19.038 GC heap after
Heap after GC invocations=21 (full 4):
 PSYoungGen      total 424960K, used 37199K [0x00000000d5580000, 0x00000000f2300000, 0x0000000100000000)
  eden space 377344K, 0% used [0x00000000d5580000,0x00000000d5580000,0x00000000ec600000)
  from space 47616K, 78% used [0x00000000ec600000,0x00000000eea53c88,0x00000000ef480000)
  to   space 32256K, 0% used [0x00000000f0380000,0x00000000f0380000,0x00000000f2300000)
 ParOldGen       total 214016K, used 105311K [0x0000000080000000, 0x000000008d100000, 0x00000000d5580000)
  object space 214016K, 49% used [0x0000000080000000,0x00000000866d7f70,0x000000008d100000)
 Metaspace       used 83802K, capacity 88356K, committed 88472K, reserved 1126400K
  class space    used 11457K, capacity 12429K, committed 12464K, reserved 1048576K
}
Event: 20.289 GC heap before
{Heap before GC invocations=22 (full 4):
 PSYoungGen      total 424960K, used 414543K [0x00000000d5580000, 0x00000000f2300000, 0x0000000100000000)
  eden space 377344K, 100% used [0x00000000d5580000,0x00000000ec600000,0x00000000ec600000)
  from space 47616K, 78% used [0x00000000ec600000,0x00000000eea53c88,0x00000000ef480000)
  to   space 32256K, 0% used [0x00000000f0380000,0x00000000f0380000,0x00000000f2300000)
 ParOldGen       total 214016K, used 105311K [0x0000000080000000, 0x000000008d100000, 0x00000000d5580000)
  object space 214016K, 49% used [0x0000000080000000,0x00000000866d7f70,0x000000008d100000)
 Metaspace       used 84149K, capacity 88758K, committed 88984K, reserved 1126400K
  class space    used 11462K, capacity 12438K, committed 12464K, reserved 1048576K
Event: 20.335 GC heap after
Heap after GC invocations=22 (full 4):
 PSYoungGen      total 421888K, used 8002K [0x00000000d5580000, 0x00000000f7880000, 0x0000000100000000)
  eden space 389632K, 0% used [0x00000000d5580000,0x00000000d5580000,0x00000000ed200000)
  from space 32256K, 24% used [0x00000000f0380000,0x00000000f0b50950,0x00000000f2300000)
  to   space 50688K, 0% used [0x00000000ed200000,0x00000000ed200000,0x00000000f0380000)
 ParOldGen       total 214016K, used 139687K [0x0000000080000000, 0x000000008d100000, 0x00000000d5580000)
  object space 214016K, 65% used [0x0000000080000000,0x0000000088869c40,0x000000008d100000)
 Metaspace       used 84149K, capacity 88758K, committed 88984K, reserved 1126400K
  class space    used 11462K, capacity 12438K, committed 12464K, reserved 1048576K
}

