# JRE version: OpenJDK Runtime Environment (8.0_242-b01) (build 1.8.0_242-release-1644-b01)
# Java VM: OpenJDK 64-Bit Server VM (25.242-b01 mixed mode windows-amd64 compressed oops)
Heap:
 PSYoungGen      total 621568K, used 303294K [0x00000000d5580000, 0x00000000ff280000, 0x0000000100000000)
  eden space 565248K, 51% used [0x00000000d5580000,0x00000000e71a7820,0x00000000f7d80000)
  from space 56320K, 21% used [0x00000000fbb80000,0x00000000fc7880b8,0x00000000ff280000)
  to   space 59904K, 0% used [0x00000000f7d80000,0x00000000f7d80000,0x00000000fb800000)
 ParOldGen       total 351744K, used 172134K [0x0000000080000000, 0x0000000095780000, 0x00000000d5580000)
  object space 351744K, 48% used [0x0000000080000000,0x000000008a819890,0x0000000095780000)
 Metaspace       used 112337K, capacity 118118K, committed 119500K, reserved 1153024K
  class space    used 14498K, capacity 15606K, committed 15872K, reserved 1048576K
GC Heap History (10 events):
Event: 90.924 GC heap before
{Heap before GC invocations=31 (full 4):
 PSYoungGen      total 450560K, used 406527K [0x00000000d5580000, 0x00000000f5100000, 0x0000000100000000)
  eden space 385536K, 100% used [0x00000000d5580000,0x00000000ece00000,0x00000000ece00000)
  from space 65024K, 32% used [0x00000000f1180000,0x00000000f25ffd88,0x00000000f5100000)
  to   space 67072K, 0% used [0x00000000ece00000,0x00000000ece00000,0x00000000f0f80000)
 ParOldGen       total 224256K, used 177795K [0x0000000080000000, 0x000000008db00000, 0x00000000d5580000)
  object space 224256K, 79% used [0x0000000080000000,0x000000008ada0c00,0x000000008db00000)
 Metaspace       used 112570K, capacity 119046K, committed 119244K, reserved 1153024K
  class space    used 14642K, capacity 15862K, committed 15872K, reserved 1048576K
Event: 91.006 GC heap after
Heap after GC invocations=31 (full 4):
 PSYoungGen      total 452608K, used 14555K [0x00000000d5580000, 0x00000000fa580000, 0x0000000100000000)
  eden space 385536K, 0% used [0x00000000d5580000,0x00000000d5580000,0x00000000ece00000)
  from space 67072K, 21% used [0x00000000ece00000,0x00000000edc36f88,0x00000000f0f80000)
  to   space 65536K, 0% used [0x00000000f6580000,0x00000000f6580000,0x00000000fa580000)
 ParOldGen       total 224256K, used 192959K [0x0000000080000000, 0x000000008db00000, 0x00000000d5580000)
  object space 224256K, 86% used [0x0000000080000000,0x000000008bc6fff8,0x000000008db00000)
 Metaspace       used 112570K, capacity 119046K, committed 119244K, reserved 1153024K
  class space    used 14642K, capacity 15862K, committed 15872K, reserved 1048576K
}
Event: 92.119 GC heap before
{Heap before GC invocations=32 (full 4):
 PSYoungGen      total 452608K, used 400091K [0x00000000d5580000, 0x00000000fa580000, 0x0000000100000000)
  eden space 385536K, 100% used [0x00000000d5580000,0x00000000ece00000,0x00000000ece00000)
  from space 67072K, 21% used [0x00000000ece00000,0x00000000edc36f88,0x00000000f0f80000)
  to   space 65536K, 0% used [0x00000000f6580000,0x00000000f6580000,0x00000000fa580000)
 ParOldGen       total 224256K, used 192959K [0x0000000080000000, 0x000000008db00000, 0x00000000d5580000)
  object space 224256K, 86% used [0x0000000080000000,0x000000008bc6fff8,0x000000008db00000)
 Metaspace       used 112656K, capacity 119182K, committed 119244K, reserved 1153024K
  class space    used 14645K, capacity 15862K, committed 15872K, reserved 1048576K
Event: 92.179 GC heap after
Heap after GC invocations=32 (full 4):
 PSYoungGen      total 536576K, used 7642K [0x00000000d5580000, 0x00000000fa300000, 0x0000000100000000)
  eden space 473600K, 0% used [0x00000000d5580000,0x00000000d5580000,0x00000000f2400000)
  from space 62976K, 12% used [0x00000000f6580000,0x00000000f6cf69e0,0x00000000fa300000)
  to   space 65024K, 0% used [0x00000000f2400000,0x00000000f2400000,0x00000000f6380000)
 ParOldGen       total 224256K, used 202264K [0x0000000080000000, 0x000000008db00000, 0x00000000d5580000)
  object space 224256K, 90% used [0x0000000080000000,0x000000008c586160,0x000000008db00000)
 Metaspace       used 112656K, capacity 119182K, committed 119244K, reserved 1153024K
  class space    used 14645K, capacity 15862K, committed 15872K, reserved 1048576K
}
Event: 92.180 GC heap before
{Heap before GC invocations=33 (full 5):
 PSYoungGen      total 536576K, used 7642K [0x00000000d5580000, 0x00000000fa300000, 0x0000000100000000)
  eden space 473600K, 0% used [0x00000000d5580000,0x00000000d5580000,0x00000000f2400000)
  from space 62976K, 12% used [0x00000000f6580000,0x00000000f6cf69e0,0x00000000fa300000)
  to   space 65024K, 0% used [0x00000000f2400000,0x00000000f2400000,0x00000000f6380000)
 ParOldGen       total 224256K, used 202264K [0x0000000080000000, 0x000000008db00000, 0x00000000d5580000)
  object space 224256K, 90% used [0x0000000080000000,0x000000008c586160,0x000000008db00000)
 Metaspace       used 112656K, capacity 119182K, committed 119244K, reserved 1153024K
  class space    used 14645K, capacity 15862K, committed 15872K, reserved 1048576K
Event: 94.791 GC heap after
Heap after GC invocations=33 (full 5):
 PSYoungGen      total 536576K, used 0K [0x00000000d5580000, 0x00000000fa300000, 0x0000000100000000)
  eden space 473600K, 0% used [0x00000000d5580000,0x00000000d5580000,0x00000000f2400000)
  from space 62976K, 0% used [0x00000000f6580000,0x00000000f6580000,0x00000000fa300000)
  to   space 65024K, 0% used [0x00000000f2400000,0x00000000f2400000,0x00000000f6380000)
 ParOldGen       total 351744K, used 159168K [0x0000000080000000, 0x0000000095780000, 0x00000000d5580000)
  object space 351744K, 45% used [0x0000000080000000,0x0000000089b700e0,0x0000000095780000)
 Metaspace       used 112232K, capacity 118042K, committed 119244K, reserved 1153024K
  class space    used 14498K, capacity 15606K, committed 15872K, reserved 1048576K
}
Event: 95.819 GC heap before
{Heap before GC invocations=34 (full 5):
 PSYoungGen      total 536576K, used 473600K [0x00000000d5580000, 0x00000000fa300000, 0x0000000100000000)
  eden space 473600K, 100% used [0x00000000d5580000,0x00000000f2400000,0x00000000f2400000)
  from space 62976K, 0% used [0x00000000f6580000,0x00000000f6580000,0x00000000fa300000)
  to   space 65024K, 0% used [0x00000000f2400000,0x00000000f2400000,0x00000000f6380000)
 ParOldGen       total 351744K, used 159168K [0x0000000080000000, 0x0000000095780000, 0x00000000d5580000)
  object space 351744K, 45% used [0x0000000080000000,0x0000000089b700e0,0x0000000095780000)
 Metaspace       used 112291K, capacity 118118K, committed 119500K, reserved 1153024K
  class space    used 14498K, capacity 15606K, committed 15872K, reserved 1048576K
Event: 95.866 GC heap after
Heap after GC invocations=34 (full 5):
 PSYoungGen      total 538624K, used 23855K [0x00000000d5580000, 0x00000000ff780000, 0x0000000100000000)
  eden space 473600K, 0% used [0x00000000d5580000,0x00000000d5580000,0x00000000f2400000)
  from space 65024K, 36% used [0x00000000f2400000,0x00000000f3b4bee0,0x00000000f6380000)
  to   space 61440K, 0% used [0x00000000fbb80000,0x00000000fbb80000,0x00000000ff780000)
 ParOldGen       total 351744K, used 159168K [0x0000000080000000, 0x0000000095780000, 0x00000000d5580000)
  object space 351744K, 45% used [0x0000000080000000,0x0000000089b700e0,0x0000000095780000)
 Metaspace       used 112291K, capacity 118118K, committed 119500K, reserved 1153024K
  class space    used 14498K, capacity 15606K, committed 15872K, reserved 1048576K
}
Event: 96.820 GC heap before
{Heap before GC invocations=35 (full 5):
 PSYoungGen      total 538624K, used 497455K [0x00000000d5580000, 0x00000000ff780000, 0x0000000100000000)
  eden space 473600K, 100% used [0x00000000d5580000,0x00000000f2400000,0x00000000f2400000)
  from space 65024K, 36% used [0x00000000f2400000,0x00000000f3b4bee0,0x00000000f6380000)
  to   space 61440K, 0% used [0x00000000fbb80000,0x00000000fbb80000,0x00000000ff780000)
 ParOldGen       total 351744K, used 159622K [0x0000000080000000, 0x0000000095780000, 0x00000000d5580000)
  object space 351744K, 45% used [0x0000000080000000,0x0000000089be1950,0x0000000095780000)
 Metaspace       used 112331K, capacity 118118K, committed 119500K, reserved 1153024K
  class space    used 14498K, capacity 15606K, committed 15872K, reserved 1048576K
Event: 96.860 GC heap after
Heap after GC invocations=35 (full 5):
 PSYoungGen      total 621568K, used 12320K [0x00000000d5580000, 0x00000000ff280000, 0x0000000100000000)
  eden space 565248K, 0% used [0x00000000d5580000,0x00000000d5580000,0x00000000f7d80000)
  from space 56320K, 21% used [0x00000000fbb80000,0x00000000fc7880b8,0x00000000ff280000)
  to   space 59904K, 0% used [0x00000000f7d80000,0x00000000f7d80000,0x00000000fb800000)
 ParOldGen       total 351744K, used 172134K [0x0000000080000000, 0x0000000095780000, 0x00000000d5580000)
  object space 351744K, 48% used [0x0000000080000000,0x000000008a819890,0x0000000095780000)
 Metaspace       used 112331K, capacity 118118K, committed 119500K, reserved 1153024K
  class space    used 14498K, capacity 15606K, committed 15872K, reserved 1048576K
}

